g:\codes\juce\eq-n\builds\visualstudio2022\x64\debug\shared code\bypassbuttonlookandfeel.obj
g:\codes\juce\eq-n\builds\visualstudio2022\x64\debug\shared code\constant.obj
g:\codes\juce\eq-n\builds\visualstudio2022\x64\debug\shared code\convert.obj
g:\codes\juce\eq-n\builds\visualstudio2022\x64\debug\shared code\filterbank.obj
g:\codes\juce\eq-n\builds\visualstudio2022\x64\debug\shared code\include_juce_audio_basics.obj
g:\codes\juce\eq-n\builds\visualstudio2022\x64\debug\shared code\include_juce_audio_devices.obj
g:\codes\juce\eq-n\builds\visualstudio2022\x64\debug\shared code\include_juce_audio_formats.obj
g:\codes\juce\eq-n\builds\visualstudio2022\x64\debug\shared code\include_juce_audio_plugin_client_ara.obj
g:\codes\juce\eq-n\builds\visualstudio2022\x64\debug\shared code\include_juce_audio_plugin_client_utils.obj
g:\codes\juce\eq-n\builds\visualstudio2022\x64\debug\shared code\include_juce_audio_processors_ara.obj
g:\codes\juce\eq-n\builds\visualstudio2022\x64\debug\shared code\include_juce_audio_processors_lv2_libs.obj
g:\codes\juce\eq-n\builds\visualstudio2022\x64\debug\shared code\include_juce_audio_utils.obj
g:\codes\juce\eq-n\builds\visualstudio2022\x64\debug\shared code\include_juce_core.obj
g:\codes\juce\eq-n\builds\visualstudio2022\x64\debug\shared code\include_juce_data_structures.obj
g:\codes\juce\eq-n\builds\visualstudio2022\x64\debug\shared code\include_juce_dsp.obj
g:\codes\juce\eq-n\builds\visualstudio2022\x64\debug\shared code\include_juce_events.obj
g:\codes\juce\eq-n\builds\visualstudio2022\x64\debug\shared code\include_juce_graphics.obj
g:\codes\juce\eq-n\builds\visualstudio2022\x64\debug\shared code\include_juce_gui_extra.obj
g:\codes\juce\eq-n\builds\visualstudio2022\x64\debug\shared code\knob.obj
g:\codes\juce\eq-n\builds\visualstudio2022\x64\debug\shared code\knoblookandfeel.obj
g:\codes\juce\eq-n\builds\visualstudio2022\x64\debug\shared code\plugineditor.obj
g:\codes\juce\eq-n\builds\visualstudio2022\x64\debug\shared code\pluginprocessor.obj
g:\codes\juce\eq-n\builds\visualstudio2022\x64\debug\shared code\eq-n.pdb
g:\codes\juce\eq-n\builds\visualstudio2022\x64\debug\shared code\eq-n_sharedcode.tlog\cl.command.1.tlog
